total 176
drwxr-xr-x 3 nick nick 4096 2010-03-27 11:26 128x128
drwxr-xr-x 3 nick nick 4096 2010-05-27 11:58 46x46
drwxr-xr-x 3 nick nick 4096 2010-03-27 11:26 64x64
-rw-r--r-- 1 nick nick  748 2010-04-23 18:52 al0.png
-rw-r--r-- 1 nick nick 3436 2009-12-27 09:59 ba0.png
-rw-r--r-- 1 nick nick 3438 2010-05-23 22:08 ba12.png
-rw-r--r-- 1 nick nick 3416 2010-05-23 22:08 ba13.png
-rw-r--r-- 1 nick nick 3168 2009-12-27 09:59 ba1.png
-rw-r--r-- 1 nick nick  173 2010-03-27 11:26 ch0.png
-rw-r--r-- 1 nick nick  285 2010-05-09 22:26 ch1.png
-rw-r--r-- 1 nick nick    0 2010-05-27 14:37 imagesbefore.out
-rw-r--r-- 1 nick nick 2395 2010-05-27 14:37 images.out
-rw-r--r-- 1 nick nick 3537 2010-05-09 22:26 in0.png
-rw-r--r-- 1 nick nick 3387 2010-05-09 22:26 in10.png
-rw-r--r-- 1 nick nick 3504 2010-05-23 22:08 in12.png
-rw-r--r-- 1 nick nick 3473 2010-05-23 22:08 in13.png
-rw-r--r-- 1 nick nick 3273 2010-05-09 22:26 in15.png
-rw-r--r-- 1 nick nick 3190 2009-12-27 09:59 in1.png
-rw-r--r-- 1 nick nick 1911 2010-05-27 11:58 main.png
-rw-r--r-- 1 nick nick  295 2010-05-23 22:38 po0.png
-rw-r--r-- 1 nick nick 3536 2010-05-09 22:26 pr0.png
-rw-r--r-- 1 nick nick 3529 2010-05-09 22:26 se0.png
-rw-r--r-- 1 nick nick 3397 2010-05-09 22:26 se10.png
-rw-r--r-- 1 nick nick 3470 2010-05-23 22:08 se13.png
-rw-r--r-- 1 nick nick 3365 2010-05-23 22:08 se14.png
-rw-r--r-- 1 nick nick 3180 2009-12-27 09:59 se1.png
-rw-r--r-- 1 nick nick  976 2010-05-27 11:58 trea0.png
-rw-r--r-- 1 nick nick  918 2010-05-27 11:58 trea1.png
-rwxr-xr-x 1 nick nick  923 2010-05-27 11:58 trea1P.png
-rw-r--r-- 1 nick nick  947 2010-05-27 11:58 trea2.png
-rwxr-xr-x 1 nick nick  933 2010-05-27 11:58 trea2P.png
-rw-r--r-- 1 nick nick  952 2010-05-27 11:58 trea3.png
-rwxr-xr-x 1 nick nick  951 2010-05-27 11:58 trea3P.png
-rw-r--r-- 1 nick nick  926 2010-05-27 11:58 trea4.png
-rwxr-xr-x 1 nick nick  959 2010-05-27 11:58 trea4P.png
-rw-r--r-- 1 nick nick  941 2010-05-27 11:58 trea5.png
-rwxr-xr-x 1 nick nick  957 2010-05-27 11:58 trea5P.png
-rw-r--r-- 1 nick nick  947 2010-05-27 11:58 trea6.png
-rwxr-xr-x 1 nick nick  953 2010-05-27 11:58 trea6P.png
-rwxr-xr-x 1 nick nick  942 2010-05-27 11:58 trea7.png
-rwxr-xr-x 1 nick nick  941 2010-05-27 11:58 trea7P.png
-rw-r--r-- 1 nick nick  952 2010-05-27 11:58 trea8.png
-rw-r--r-- 1 nick nick  954 2010-05-27 11:58 trea8P.png
-rw-r--r-- 1 nick nick  957 2010-05-27 11:58 treaP.png
-rw-r--r-- 1 nick nick  295 2010-05-09 22:26 us0.png
