total 176
drwxr-xr-x 3 nick nick 4096 2010-03-27 11:26 128x128
drwxr-xr-x 3 nick nick 4096 2010-05-27 11:58 46x46
drwxr-xr-x 3 nick nick 4096 2010-03-27 11:26 64x64
-rw-r--r-- 1 nick nick  748 2010-05-27 14:37 al0.png
-rw-r--r-- 1 nick nick 3436 2010-05-27 14:37 ba0.png
-rw-r--r-- 1 nick nick 3432 2010-05-27 14:37 ba12.png
-rw-r--r-- 1 nick nick 3415 2010-05-27 14:37 ba13.png
-rw-r--r-- 1 nick nick 3486 2010-05-27 14:37 ba1.png
-rw-r--r-- 1 nick nick  174 2010-05-27 14:37 ch0.png
-rw-r--r-- 1 nick nick  285 2010-05-27 14:37 ch1.png
-rw-r--r-- 1 nick nick 2457 2010-05-27 14:37 imagesbefore.out
-rw-r--r-- 1 nick nick    0 2010-05-27 14:38 images.out
-rw-r--r-- 1 nick nick 3537 2010-05-27 14:37 in0.png
-rw-r--r-- 1 nick nick 3387 2010-05-27 14:37 in10.png
-rw-r--r-- 1 nick nick 3503 2010-05-27 14:37 in12.png
-rw-r--r-- 1 nick nick 3471 2010-05-27 14:37 in13.png
-rw-r--r-- 1 nick nick 3273 2010-05-27 14:38 in15.png
-rw-r--r-- 1 nick nick 3496 2010-05-27 14:38 in1.png
-rw-r--r-- 1 nick nick 1630 2010-05-27 14:38 main.png
-rw-r--r-- 1 nick nick  295 2010-05-27 14:38 po0.png
-rw-r--r-- 1 nick nick 3536 2010-05-27 14:38 pr0.png
-rw-r--r-- 1 nick nick 3529 2010-05-27 14:38 se0.png
-rw-r--r-- 1 nick nick 3397 2010-05-27 14:38 se10.png
-rw-r--r-- 1 nick nick 3460 2010-05-27 14:38 se13.png
-rw-r--r-- 1 nick nick 3360 2010-05-27 14:38 se14.png
-rw-r--r-- 1 nick nick 3474 2010-05-27 14:38 se1.png
-rw-r--r-- 1 nick nick 1075 2010-05-27 14:38 trea0.png
-rw-r--r-- 1 nick nick 1016 2010-05-27 14:38 trea1.png
-rw-r--r-- 1 nick nick 1026 2010-05-27 14:38 trea1P.png
-rw-r--r-- 1 nick nick 1040 2010-05-27 14:38 trea2.png
-rw-r--r-- 1 nick nick 1043 2010-05-27 14:38 trea2P.png
-rw-r--r-- 1 nick nick 1043 2010-05-27 14:38 trea3.png
-rw-r--r-- 1 nick nick 1052 2010-05-27 14:38 trea3P.png
-rw-r--r-- 1 nick nick 1030 2010-05-27 14:38 trea4.png
-rw-r--r-- 1 nick nick 1062 2010-05-27 14:38 trea4P.png
-rw-r--r-- 1 nick nick 1046 2010-05-27 14:38 trea5.png
-rw-r--r-- 1 nick nick 1052 2010-05-27 14:38 trea5P.png
-rw-r--r-- 1 nick nick 1040 2010-05-27 14:38 trea6.png
-rw-r--r-- 1 nick nick 1046 2010-05-27 14:38 trea6P.png
-rw-r--r-- 1 nick nick 1037 2010-05-27 14:38 trea7.png
-rw-r--r-- 1 nick nick 1037 2010-05-27 14:38 trea7P.png
-rw-r--r-- 1 nick nick 1043 2010-05-27 14:38 trea8.png
-rw-r--r-- 1 nick nick 1052 2010-05-27 14:38 trea8P.png
-rw-r--r-- 1 nick nick 1062 2010-05-27 14:38 treaP.png
-rw-r--r-- 1 nick nick  295 2010-05-27 14:38 us0.png
